<?xml version="1.0" encoding="UTF-8"?>
<!-- Generated by org.testng.reporters.JUnitReportReporter -->
<testsuite hostname="DESKTOP-ODJGIG9" name="com.android.ApiDemos.TestBase" tests="1" failures="0" timestamp="28 Mar 2021 15:14:43 GMT" time="30.859" errors="0">
  <testcase name="test" time="30.859" classname="com.android.ApiDemos.TestBase"/>
</testsuite> <!-- com.android.ApiDemos.TestBase -->
