<?xml version="1.0" encoding="UTF-8"?>
<!-- Generated by org.testng.reporters.JUnitReportReporter -->
<testsuite hostname="DESKTOP-ODJGIG9" name="com.android.ApiDemos.TestBase" tests="1" failures="0" timestamp="28 Mar 2021 14:11:06 GMT" time="20.203" errors="0">
  <testcase name="test" time="20.203" classname="com.android.ApiDemos.TestBase"/>
</testsuite> <!-- com.android.ApiDemos.TestBase -->
