<?xml version="1.0" encoding="UTF-8"?>
<!-- Generated by org.testng.reporters.JUnitReportReporter -->
<testsuite skipped="0" hostname="DESKTOP-ODJGIG9" name="com.android.ApiDemos.TestBase" tests="1" failures="0" timestamp="2021-03-28T22:05:22 IST" time="36.036" errors="0">
  <testcase name="test" time="36.036" classname="com.android.ApiDemos.TestBase"/>
  <system-out/>
</testsuite> <!-- com.android.ApiDemos.TestBase -->
